<?xml version="1.0" encoding="UTF-8"?>
<!-- Generated by org.testng.reporters.JUnitXMLReporter -->
<testsuite hostname="LAPTOP-MH4500H2" failures="0" tests="6" name="Default test" time="1.536" errors="0" timestamp="9 May 2021 01:14:49 GMT">
  <testcase classname="weatherAPI.rhrread" name="test_02" time="1.187"/>
  <testcase classname="weatherAPI.rhrread" name="test_03" time="0.079"/>
  <testcase classname="weatherAPI.rhrread" name="test_04" time="0.067"/>
  <testcase classname="weatherAPI.rhrread" name="test_05" time="0.044"/>
  <testcase classname="weatherAPI.rhrread" name="test_06" time="0.084"/>
  <testcase classname="weatherAPI.rhrread" name="test_07" time="0.064"/>
</testsuite> <!-- Default test -->
