<?xml version="1.0" encoding="UTF-8"?>
<testng-results total="6" passed="6" failed="0" skipped="0">
  <reporter-output>
  </reporter-output>
  <suite started-at="2021-05-09T01:14:47Z" name="Default suite" finished-at="2021-05-09T01:14:49Z" duration-ms="1536">
    <groups>
    </groups>
    <test started-at="2021-05-09T01:14:47Z" name="Default test" finished-at="2021-05-09T01:14:49Z" duration-ms="1536">
      <class name="weatherAPI.rhrread">
        <test-method signature="test_02()[pri:0, instance:weatherAPI.rhrread@18271936]" started-at="2021-05-09T09:14:47Z" name="test_02" finished-at="2021-05-09T09:14:49Z" duration-ms="1187" status="PASS">
          <reporter-output>
          </reporter-output>
        </test-method> <!-- test_02 -->
        <test-method signature="test_03()[pri:0, instance:weatherAPI.rhrread@18271936]" started-at="2021-05-09T09:14:49Z" name="test_03" finished-at="2021-05-09T09:14:49Z" duration-ms="79" status="PASS">
          <reporter-output>
          </reporter-output>
        </test-method> <!-- test_03 -->
        <test-method signature="test_04()[pri:0, instance:weatherAPI.rhrread@18271936]" started-at="2021-05-09T09:14:49Z" name="test_04" finished-at="2021-05-09T09:14:49Z" duration-ms="67" status="PASS">
          <reporter-output>
          </reporter-output>
        </test-method> <!-- test_04 -->
        <test-method signature="test_05()[pri:0, instance:weatherAPI.rhrread@18271936]" started-at="2021-05-09T09:14:49Z" name="test_05" finished-at="2021-05-09T09:14:49Z" duration-ms="44" status="PASS">
          <reporter-output>
          </reporter-output>
        </test-method> <!-- test_05 -->
        <test-method signature="test_06()[pri:0, instance:weatherAPI.rhrread@18271936]" started-at="2021-05-09T09:14:49Z" name="test_06" finished-at="2021-05-09T09:14:49Z" duration-ms="84" status="PASS">
          <reporter-output>
          </reporter-output>
        </test-method> <!-- test_06 -->
        <test-method signature="test_07()[pri:0, instance:weatherAPI.rhrread@18271936]" started-at="2021-05-09T09:14:49Z" name="test_07" finished-at="2021-05-09T09:14:49Z" duration-ms="64" status="PASS">
          <reporter-output>
          </reporter-output>
        </test-method> <!-- test_07 -->
      </class> <!-- weatherAPI.rhrread -->
    </test> <!-- Default test -->
  </suite> <!-- Default suite -->
</testng-results>
